-------------------------------------------------------------------------------
Test set: com.cryptocheckertest.PanelPortfolioTest
-------------------------------------------------------------------------------
Tests run: 19, Failures: 1, Errors: 0, Skipped: 0, Time elapsed: 1.411 s <<< FAILURE! -- in com.cryptocheckertest.PanelPortfolioTest
com.cryptocheckertest.PanelPortfolioTest.testPanelRecreate -- Time elapsed: 0.035 s <<< FAILURE!
org.opentest4j.AssertionFailedError: Unexpected exception thrown: java.lang.NullPointerException: Cannot read field "panel" because "com.cryptochecker.Main.gui.panelPortfolio" is null
	at org.junit.jupiter.api.AssertionFailureBuilder.build(AssertionFailureBuilder.java:152)
	at org.junit.jupiter.api.AssertDoesNotThrow.createAssertionFailedError(AssertDoesNotThrow.java:84)
	at org.junit.jupiter.api.AssertDoesNotThrow.assertDoesNotThrow(AssertDoesNotThrow.java:53)
	at org.junit.jupiter.api.AssertDoesNotThrow.assertDoesNotThrow(AssertDoesNotThrow.java:36)
	at org.junit.jupiter.api.Assertions.assertDoesNotThrow(Assertions.java:3168)
	at com.cryptocheckertest.PanelPortfolioTest.testPanelRecreate(PanelPortfolioTest.java:191)
	at java.base/java.lang.reflect.Method.invoke(Method.java:568)
	at java.base/java.util.ArrayList.forEach(ArrayList.java:1511)
	at java.base/java.util.ArrayList.forEach(ArrayList.java:1511)
Caused by: java.lang.NullPointerException: Cannot read field "panel" because "com.cryptochecker.Main.gui.panelPortfolio" is null
	at com.cryptochecker.PanelPortfolio.reCreate(PanelPortfolio.java:231)
	at com.cryptocheckertest.PanelPortfolioTest.lambda$testPanelRecreate$3(PanelPortfolioTest.java:191)
	at org.junit.jupiter.api.AssertDoesNotThrow.assertDoesNotThrow(AssertDoesNotThrow.java:49)
	... 6 more

