<?xml version="1.0" encoding="UTF-8"?>
<testsuite xmlns:xsi="http://www.w3.org/2001/XMLSchema-instance" xsi:noNamespaceSchemaLocation="https://maven.apache.org/surefire/maven-surefire-plugin/xsd/surefire-test-report-3.0.xsd" version="3.0" name="com.cryptocheckertest.DebugTest" time="1.071" tests="18" errors="0" skipped="0" failures="0">
  <properties>
[...]
</properties>
  <testcase name="testLogFileCreation" classname="com.cryptocheckertest.DebugTest" time="0.041"/>
  <testcase name="testLogMessageFormat" classname="com.cryptocheckertest.DebugTest" time="0.038"/>
  <testcase name="testLogFileAppending" classname="com.cryptocheckertest.DebugTest" time="0.075"/>
  <testcase name="testDebugWindowInitialization" classname="com.cryptocheckertest.DebugTest" time="0.01"/>
  <testcase name="testDebugModeToggle" classname="com.cryptocheckertest.DebugTest" time="0.206"/>
  <testcase name="testLogEmptyString" classname="com.cryptocheckertest.DebugTest" time="0.043"/>
  <testcase name="testLogSingleCharacter" classname="com.cryptocheckertest.DebugTest" time="0.03"/>
  <testcase name="testLogLongMessage" classname="com.cryptocheckertest.DebugTest" time="0.041"/>
  <testcase name="testLogSpecialCharacters" classname="com.cryptocheckertest.DebugTest" time="0.049"/>
  <testcase name="testLogWithNewlines" classname="com.cryptocheckertest.DebugTest" time="0.034"/>
  <testcase name="testLogUnicodeCharacters" classname="com.cryptocheckertest.DebugTest" time="0.138"/>
  <testcase name="testMultipleSequentialLogs" classname="com.cryptocheckertest.DebugTest" time="0.059"/>
  <testcase name="testLogTimestampComponents" classname="com.cryptocheckertest.DebugTest" time="0.032"/>
  <testcase name="testLogFileContentOrder" classname="com.cryptocheckertest.DebugTest" time="0.036"/>
  <testcase name="testDebugWindowProperties" classname="com.cryptocheckertest.DebugTest" time="0.006"/>
  <testcase name="testLogFunctionNoExceptions" classname="com.cryptocheckertest.DebugTest" time="0.011"/>
  <testcase name="testLogNullMessage" classname="com.cryptocheckertest.DebugTest" time="0.014"/>
  <testcase name="testLogExtremelyLongMessage" classname="com.cryptocheckertest.DebugTest" time="0.046"/>
</testsuite>