<?xml version="1.0" encoding="UTF-8"?>
<testsuite xmlns:xsi="http://www.w3.org/2001/XMLSchema-instance" xsi:noNamespaceSchemaLocation="https://maven.apache.org/surefire/maven-surefire-plugin/xsd/surefire-test-report-3.0.xsd" version="3.0" name="com.cryptocheckertest.PanelPortfolioTest" time="1.411" tests="19" errors="0" skipped="0" failures="1">
  <properties>
[...]
</properties>
  <testcase name="testPortfolioEmpty" classname="com.cryptocheckertest.PanelPortfolioTest" time="0.445"/>
  <testcase name="testPortfolioSingle" classname="com.cryptocheckertest.PanelPortfolioTest" time="0.082"/>
  <testcase name="testPortfolioMultiple" classname="com.cryptocheckertest.PanelPortfolioTest" time="0.166"/>
  <testcase name="testSerialization" classname="com.cryptocheckertest.PanelPortfolioTest" time="0.056"/>
  <testcase name="testZeroGains" classname="com.cryptocheckertest.PanelPortfolioTest" time="0.035"/>
  <testcase name="testRefresh" classname="com.cryptocheckertest.PanelPortfolioTest" time="0.026"/>
  <testcase name="testCreatePortfolio" classname="com.cryptocheckertest.PanelPortfolioTest" time="0.032"/>
  <testcase name="testSwitchPortfolio" classname="com.cryptocheckertest.PanelPortfolioTest" time="0.033"/>
  <testcase name="testDeletePortfolio" classname="com.cryptocheckertest.PanelPortfolioTest" time="0.02"/>
  <testcase name="testDeleteLast" classname="com.cryptocheckertest.PanelPortfolioTest" time="0.021"/>
  <testcase name="testPanelRecreate" classname="com.cryptocheckertest.PanelPortfolioTest" time="0.035">
    <failure message="Unexpected exception thrown: java.lang.NullPointerException: Cannot read field &quot;panel&quot; because &quot;com.cryptochecker.Main.gui.panelPortfolio&quot; is null" type="org.opentest4j.AssertionFailedError"><![CDATA[org.opentest4j.AssertionFailedError: Unexpected exception thrown: java.lang.NullPointerException: Cannot read field "panel" because "com.cryptochecker.Main.gui.panelPortfolio" is null
	at org.junit.jupiter.api.AssertionFailureBuilder.build(AssertionFailureBuilder.java:152)
	at org.junit.jupiter.api.AssertDoesNotThrow.createAssertionFailedError(AssertDoesNotThrow.java:84)
	at org.junit.jupiter.api.AssertDoesNotThrow.assertDoesNotThrow(AssertDoesNotThrow.java:53)
	at org.junit.jupiter.api.AssertDoesNotThrow.assertDoesNotThrow(AssertDoesNotThrow.java:36)
	at org.junit.jupiter.api.Assertions.assertDoesNotThrow(Assertions.java:3168)
	at com.cryptocheckertest.PanelPortfolioTest.testPanelRecreate(PanelPortfolioTest.java:191)
	at java.base/java.lang.reflect.Method.invoke(Method.java:568)
	at java.base/java.util.ArrayList.forEach(ArrayList.java:1511)
	at java.base/java.util.ArrayList.forEach(ArrayList.java:1511)
Caused by: java.lang.NullPointerException: Cannot read field "panel" because "com.cryptochecker.Main.gui.panelPortfolio" is null
	at com.cryptochecker.PanelPortfolio.reCreate(PanelPortfolio.java:231)
	at com.cryptocheckertest.PanelPortfolioTest.lambda$testPanelRecreate$3(PanelPortfolioTest.java:191)
	at org.junit.jupiter.api.AssertDoesNotThrow.assertDoesNotThrow(AssertDoesNotThrow.java:49)
	... 6 more
]]></failure>
  </testcase>
  <testcase name="testThemeSwitch" classname="com.cryptocheckertest.PanelPortfolioTest" time="0.029"/>
  <testcase name="testEmptySerialization" classname="com.cryptocheckertest.PanelPortfolioTest" time="0.044"/>
  <testcase name="testLargePortfolio" classname="com.cryptocheckertest.PanelPortfolioTest" time="0.055"/>
  <testcase name="testVisibility" classname="com.cryptocheckertest.PanelPortfolioTest" time="0.058"/>
  <testcase name="testNegativeAmount" classname="com.cryptocheckertest.PanelPortfolioTest" time="0.03"/>
  <testcase name="testInvalidIndex" classname="com.cryptocheckertest.PanelPortfolioTest" time="0.026"/>
  <testcase name="testZeroPrice" classname="com.cryptocheckertest.PanelPortfolioTest" time="0.044"/>
  <testcase name="testEmptyName" classname="com.cryptocheckertest.PanelPortfolioTest" time="0.045"/>
</testsuite>