<?xml version="1.0" encoding="UTF-8"?>
<testsuite xmlns:xsi="http://www.w3.org/2001/XMLSchema-instance" xsi:noNamespaceSchemaLocation="https://maven.apache.org/surefire/maven-surefire-plugin/xsd/surefire-test-report-3.0.xsd" version="3.0" name="com.cryptocheckertest.DebugPanelSettingsIntegrationTest" time="4.771" tests="25" errors="0" skipped="0" failures="0">
  <properties>
[...]
</properties>
  <testcase name="testDebugAndPanelSettingsInitialization" classname="com.cryptocheckertest.DebugPanelSettingsIntegrationTest" time="0.231"/>
  <testcase name="testBothModulesExistInMainGui" classname="com.cryptocheckertest.DebugPanelSettingsIntegrationTest" time="0.095"/>
  <testcase name="testPanelSettingsTriggersDebugLogging" classname="com.cryptocheckertest.DebugPanelSettingsIntegrationTest" time="0.201"/>
  <testcase name="testDebugModeChangesSyncAcrossModules" classname="com.cryptocheckertest.DebugPanelSettingsIntegrationTest" time="0.238"/>
  <testcase name="testDebugFrameVisibilitySyncsWithMode" classname="com.cryptocheckertest.DebugPanelSettingsIntegrationTest" time="0.404"/>
  <testcase name="testThemeSwitchingLogsToDebug" classname="com.cryptocheckertest.DebugPanelSettingsIntegrationTest" time="0.258"/>
  <testcase name="testThemeChangesPersistAcrossDebugToggles" classname="com.cryptocheckertest.DebugPanelSettingsIntegrationTest" time="0.127"/>
  <testcase name="testCustomThemeChangesAreLogged" classname="com.cryptocheckertest.DebugPanelSettingsIntegrationTest" time="0.123"/>
  <testcase name="testSerializationTriggersDebugLogging" classname="com.cryptocheckertest.DebugPanelSettingsIntegrationTest" time="0.07"/>
  <testcase name="testDebugLogsPersistAcrossPanelSettingsOperations" classname="com.cryptocheckertest.DebugPanelSettingsIntegrationTest" time="0.093"/>
  <testcase name="testMultiplePanelSettingsOperationsLog" classname="com.cryptocheckertest.DebugPanelSettingsIntegrationTest" time="0.166"/>
  <testcase name="testEndToEndUserWorkflowBasic" classname="com.cryptocheckertest.DebugPanelSettingsIntegrationTest" time="0.139"/>
  <testcase name="testEndToEndUserWorkflowAdvanced" classname="com.cryptocheckertest.DebugPanelSettingsIntegrationTest" time="0.171"/>
  <testcase name="testWorkflowWithSerialization" classname="com.cryptocheckertest.DebugPanelSettingsIntegrationTest" time="0.133"/>
  <testcase name="testDebugFrameClosureInteractsWithPanelSettings" classname="com.cryptocheckertest.DebugPanelSettingsIntegrationTest" time="0.126"/>
  <testcase name="testStateConsistencyAfterRapidOperations" classname="com.cryptocheckertest.DebugPanelSettingsIntegrationTest" time="0.367"/>
  <testcase name="testLogIntegrityAfterManyOperations" classname="com.cryptocheckertest.DebugPanelSettingsIntegrationTest" time="0.106"/>
  <testcase name="testGracefulHandlingWhenLogFileInaccessible" classname="com.cryptocheckertest.DebugPanelSettingsIntegrationTest" time="0.046"/>
  <testcase name="testDebugAndPanelSettingsRecoverFromErrors" classname="com.cryptocheckertest.DebugPanelSettingsIntegrationTest" time="0.045"/>
  <testcase name="testDataFlowFromPanelSettingsToDebug" classname="com.cryptocheckertest.DebugPanelSettingsIntegrationTest" time="0.104"/>
  <testcase name="testBidirectionalCommunication" classname="com.cryptocheckertest.DebugPanelSettingsIntegrationTest" time="0.123"/>
  <testcase name="testCompleteSettingsLifecycle" classname="com.cryptocheckertest.DebugPanelSettingsIntegrationTest" time="0.142"/>
  <testcase name="testConcurrentModificationsHandledCorrectly" classname="com.cryptocheckertest.DebugPanelSettingsIntegrationTest" time="0.13"/>
  <testcase name="testIntegrationWithMainGuiReference" classname="com.cryptocheckertest.DebugPanelSettingsIntegrationTest" time="0.105"/>
  <testcase name="testFullApplicationStateConsistency" classname="com.cryptocheckertest.DebugPanelSettingsIntegrationTest" time="0.152"/>
</testsuite>