<?xml version="1.0" encoding="UTF-8"?>
<testsuite xmlns:xsi="http://www.w3.org/2001/XMLSchema-instance" xsi:noNamespaceSchemaLocation="https://maven.apache.org/surefire/maven-surefire-plugin/xsd/surefire-test-report-3.0.xsd" version="3.0" name="com.cryptocheckertest.PanelSettingsTestMockito" time="19.944" tests="35" errors="0" skipped="0" failures="0">
  <properties>
[...]
</properties>
  <testcase name="testPanelInitialization" classname="com.cryptocheckertest.PanelSettingsTestMockito" time="2.343"/>
  <testcase name="testPanelLayout" classname="com.cryptocheckertest.PanelSettingsTestMockito" time="0.275"/>
  <testcase name="testPanelInitialVisibility" classname="com.cryptocheckertest.PanelSettingsTestMockito" time="0.334"/>
  <testcase name="testThemeSwitchToDark" classname="com.cryptocheckertest.PanelSettingsTestMockito" time="0.237"/>
  <testcase name="testThemeSwitchToCustom" classname="com.cryptocheckertest.PanelSettingsTestMockito" time="0.313"/>
  <testcase name="testThemeSwitchToLight" classname="com.cryptocheckertest.PanelSettingsTestMockito" time="0.168"/>
  <testcase name="testThemeCycling" classname="com.cryptocheckertest.PanelSettingsTestMockito" time="0.285"/>
  <testcase name="testDebugFunctionEnable" classname="com.cryptocheckertest.PanelSettingsTestMockito" time="1.1"/>
  <testcase name="testDebugFunctionDisable" classname="com.cryptocheckertest.PanelSettingsTestMockito" time="0.478"/>
  <testcase name="testDebugFunctionToggleMultipleTimes" classname="com.cryptocheckertest.PanelSettingsTestMockito" time="0.577"/>
  <testcase name="testCustomThemeColorBackground" classname="com.cryptocheckertest.PanelSettingsTestMockito" time="0.402"/>
  <testcase name="testCustomThemeColorForeground" classname="com.cryptocheckertest.PanelSettingsTestMockito" time="0.332"/>
  <testcase name="testCustomThemeColorGreen" classname="com.cryptocheckertest.PanelSettingsTestMockito" time="0.303"/>
  <testcase name="testCustomThemeColorRed" classname="com.cryptocheckertest.PanelSettingsTestMockito" time="0.263"/>
  <testcase name="testAllCustomColorsSimultaneously" classname="com.cryptocheckertest.PanelSettingsTestMockito" time="0.391"/>
  <testcase name="testSettingsSerialization" classname="com.cryptocheckertest.PanelSettingsTestMockito" time="0.575"/>
  <testcase name="testSerializeMethodExistsAndAccessible" classname="com.cryptocheckertest.PanelSettingsTestMockito" time="0.428"/>
  <testcase name="testMultipleSerialization" classname="com.cryptocheckertest.PanelSettingsTestMockito" time="0.346"/>
  <testcase name="testDebugListenerWithMock" classname="com.cryptocheckertest.PanelSettingsTestMockito" time="0.946"/>
  <testcase name="testDebugListenerMultipleInvocations" classname="com.cryptocheckertest.PanelSettingsTestMockito" time="0.754"/>
  <testcase name="testThemeResetToDefaults" classname="com.cryptocheckertest.PanelSettingsTestMockito" time="0.406"/>
  <testcase name="testColorBoundaryMinimum" classname="com.cryptocheckertest.PanelSettingsTestMockito" time="0.353"/>
  <testcase name="testColorBoundaryMaximum" classname="com.cryptocheckertest.PanelSettingsTestMockito" time="0.546"/>
  <testcase name="testRapidThemeSwitching" classname="com.cryptocheckertest.PanelSettingsTestMockito" time="0.305"/>
  <testcase name="testThemeSwitchCalledRepeatedly" classname="com.cryptocheckertest.PanelSettingsTestMockito" time="0.639"/>
  <testcase name="testCustomColorsWithMidRangeValues" classname="com.cryptocheckertest.PanelSettingsTestMockito" time="0.322"/>
  <testcase name="testThemeObjectNotNullAfterCreation" classname="com.cryptocheckertest.PanelSettingsTestMockito" time="0.65"/>
  <testcase name="testCurrentThemeIsValidEnum" classname="com.cryptocheckertest.PanelSettingsTestMockito" time="0.166"/>
  <testcase name="testInvalidColorRGBValuesNegative" classname="com.cryptocheckertest.PanelSettingsTestMockito" time="0.013"/>
  <testcase name="testInvalidColorRGBValuesTooHigh" classname="com.cryptocheckertest.PanelSettingsTestMockito" time="0.009"/>
  <testcase name="testNullThemeHandling" classname="com.cryptocheckertest.PanelSettingsTestMockito" time="0.008"/>
  <testcase name="testDebugFunctionWithoutInitialization" classname="com.cryptocheckertest.PanelSettingsTestMockito" time="0.16"/>
  <testcase name="testColorValuesAtBoundaries" classname="com.cryptocheckertest.PanelSettingsTestMockito" time="0.032"/>
  <testcase name="testExtremeRapidDebugToggling" classname="com.cryptocheckertest.PanelSettingsTestMockito" time="4.919"/>
  <testcase name="testMultipleRapidSerializations" classname="com.cryptocheckertest.PanelSettingsTestMockito" time="0.303"/>
</testsuite>