<?xml version="1.0" encoding="UTF-8"?>
<testsuite xmlns:xsi="http://www.w3.org/2001/XMLSchema-instance" xsi:noNamespaceSchemaLocation="https://maven.apache.org/surefire/maven-surefire-plugin/xsd/surefire-test-report-3.0.xsd" version="3.0" name="com.cryptocheckertest.DebugTestMockito" time="17.209" tests="25" errors="0" skipped="0" failures="0">
  <properties>
[...]
</properties>
  <testcase name="testDebugConstructorInitialization" classname="com.cryptocheckertest.DebugTestMockito" time="10.246"/>
  <testcase name="testLogMethodWritesToFile" classname="com.cryptocheckertest.DebugTestMockito" time="0.168"/>
  <testcase name="testLogTimestampFormat" classname="com.cryptocheckertest.DebugTestMockito" time="0.149"/>
  <testcase name="testLogAppendingBehavior" classname="com.cryptocheckertest.DebugTestMockito" time="0.316"/>
  <testcase name="testDebugModeToggle" classname="com.cryptocheckertest.DebugTestMockito" time="0.272"/>
  <testcase name="testWindowClosingBehavior" classname="com.cryptocheckertest.DebugTestMockito" time="0.122"/>
  <testcase name="testLogEmptyString" classname="com.cryptocheckertest.DebugTestMockito" time="0.175"/>
  <testcase name="testLogNullValue" classname="com.cryptocheckertest.DebugTestMockito" time="0.102"/>
  <testcase name="testLogVeryLongMessage" classname="com.cryptocheckertest.DebugTestMockito" time="0.15"/>
  <testcase name="testLogSpecialCharacters" classname="com.cryptocheckertest.DebugTestMockito" time="0.17"/>
  <testcase name="testLogWithNewlines" classname="com.cryptocheckertest.DebugTestMockito" time="0.123"/>
  <testcase name="testRapidSequentialLogs" classname="com.cryptocheckertest.DebugTestMockito" time="0.482"/>
  <testcase name="testTimestampComponents" classname="com.cryptocheckertest.DebugTestMockito" time="0.123"/>
  <testcase name="testFrameProperties" classname="com.cryptocheckertest.DebugTestMockito" time="0.074"/>
  <testcase name="testLogFileExistsAfterDebugCreation" classname="com.cryptocheckertest.DebugTestMockito" time="0.124"/>
  <testcase name="testStartupMessageFormat" classname="com.cryptocheckertest.DebugTestMockito" time="0.122"/>
  <testcase name="testLogMessageOrderPreservation" classname="com.cryptocheckertest.DebugTestMockito" time="0.123"/>
  <testcase name="testFrameTitle" classname="com.cryptocheckertest.DebugTestMockito" time="0.091"/>
  <testcase name="testFrameInitialVisibility" classname="com.cryptocheckertest.DebugTestMockito" time="0.088"/>
  <testcase name="testStaticModeFieldInitialValue" classname="com.cryptocheckertest.DebugTestMockito" time="0.072"/>
  <testcase name="testInvalidLogLocation" classname="com.cryptocheckertest.DebugTestMockito" time="0.081"/>
  <testcase name="testConcurrentLogging" classname="com.cryptocheckertest.DebugTestMockito" time="0.09"/>
  <testcase name="testLoggingWithTabCharacters" classname="com.cryptocheckertest.DebugTestMockito" time="0.122"/>
  <testcase name="testLoggingUnicodeCharacters" classname="com.cryptocheckertest.DebugTestMockito" time="0.139"/>
  <testcase name="testVeryRapidLogging" classname="com.cryptocheckertest.DebugTestMockito" time="3.146"/>
</testsuite>