<?xml version="1.0" encoding="UTF-8"?>
<testsuite xmlns:xsi="http://www.w3.org/2001/XMLSchema-instance" xsi:noNamespaceSchemaLocation="https://maven.apache.org/surefire/maven-surefire-plugin/xsd/surefire-test-report-3.0.xsd" version="3.0" name="com.cryptocheckertest.DebugPitTest" time="1.016" tests="25" errors="0" skipped="0" failures="0">
  <properties>
[...]
</properties>
  <testcase name="testDebugModeLogicalAndModeFalse" classname="com.cryptocheckertest.DebugPitTest" time="0.523"/>
  <testcase name="testDebugModeLogicalAndBothTrue" classname="com.cryptocheckertest.DebugPitTest" time="0.01"/>
  <testcase name="testDebugModeCanBeSetFalse" classname="com.cryptocheckertest.DebugPitTest" time="0.008"/>
  <testcase name="testDebugModeEqualityFalse" classname="com.cryptocheckertest.DebugPitTest" time="0.01"/>
  <testcase name="testDebugModeLogicalOrModeTrue" classname="com.cryptocheckertest.DebugPitTest" time="0.005"/>
  <testcase name="testDebugModeInIfStatementTrue" classname="com.cryptocheckertest.DebugPitTest" time="0.005"/>
  <testcase name="testDebugModeToggleFalseToTrue" classname="com.cryptocheckertest.DebugPitTest" time="0.009"/>
  <testcase name="testDebugModeXorBothTrue" classname="com.cryptocheckertest.DebugPitTest" time="0.009"/>
  <testcase name="testDebugModeInequalityTrue" classname="com.cryptocheckertest.DebugPitTest" time="0.007"/>
  <testcase name="testDebugModeCanBeSetTrue" classname="com.cryptocheckertest.DebugPitTest" time="0.004"/>
  <testcase name="testDebugModeTernaryFalse" classname="com.cryptocheckertest.DebugPitTest" time="0.027"/>
  <testcase name="testDebugModeInitiallyFalse" classname="com.cryptocheckertest.DebugPitTest" time="0.007"/>
  <testcase name="testDebugModeLogicalOrModeFalseOtherTrue" classname="com.cryptocheckertest.DebugPitTest" time="0.007"/>
  <testcase name="testDebugModeTernaryTrue" classname="com.cryptocheckertest.DebugPitTest" time="0.008"/>
  <testcase name="testDebugModeLogicalNotWhenFalse" classname="com.cryptocheckertest.DebugPitTest" time="0.011"/>
  <testcase name="testDebugModeInIfStatementFalse" classname="com.cryptocheckertest.DebugPitTest" time="0.012"/>
  <testcase name="testDebugModeLogicalOrBothFalse" classname="com.cryptocheckertest.DebugPitTest" time="0.006"/>
  <testcase name="testDebugModeXorTrueFalse" classname="com.cryptocheckertest.DebugPitTest" time="0.005"/>
  <testcase name="testDebugModeLogicalNotWhenTrue" classname="com.cryptocheckertest.DebugPitTest" time="0.002"/>
  <testcase name="testDebugModeXorBothFalse" classname="com.cryptocheckertest.DebugPitTest" time="0.004"/>
  <testcase name="testDebugModeLogicalAndMixedTrueFalse" classname="com.cryptocheckertest.DebugPitTest" time="0.006"/>
  <testcase name="testDebugModeEqualityTrue" classname="com.cryptocheckertest.DebugPitTest" time="0.01"/>
  <testcase name="testDebugModeInequalityFalse" classname="com.cryptocheckertest.DebugPitTest" time="0.009"/>
  <testcase name="testDebugModeToggleTrueToFalse" classname="com.cryptocheckertest.DebugPitTest" time="0.007"/>
  <testcase name="testDebugModeXorFalseTrue" classname="com.cryptocheckertest.DebugPitTest" time="0.008"/>
</testsuite>