<?xml version="1.0" encoding="UTF-8"?>
<testsuite xmlns:xsi="http://www.w3.org/2001/XMLSchema-instance" xsi:noNamespaceSchemaLocation="https://maven.apache.org/surefire/maven-surefire-plugin/xsd/surefire-test-report-3.0.xsd" version="3.0" name="com.cryptocheckertest.PanelSettingsTest" time="0.461" tests="22" errors="0" skipped="0" failures="0">
  <properties>
[...]
</properties>
  <testcase name="testThemeChangeLightToDark" classname="com.cryptocheckertest.PanelSettingsTest" time="0.003"/>
  <testcase name="testThemeChangeDarkToCustom" classname="com.cryptocheckertest.PanelSettingsTest" time="0.002"/>
  <testcase name="testThemeChangeCustomToLight" classname="com.cryptocheckertest.PanelSettingsTest" time="0.002"/>
  <testcase name="testCurrencySelectionUSD" classname="com.cryptocheckertest.PanelSettingsTest" time="0.002"/>
  <testcase name="testCurrencySelectionEUR" classname="com.cryptocheckertest.PanelSettingsTest" time="0.003"/>
  <testcase name="testCurrencySelectionGBP" classname="com.cryptocheckertest.PanelSettingsTest" time="0.003"/>
  <testcase name="testCurrencySelectionNoSymbol" classname="com.cryptocheckertest.PanelSettingsTest" time="0.004"/>
  <testcase name="testDebugModeEnable" classname="com.cryptocheckertest.PanelSettingsTest" time="0.036"/>
  <testcase name="testDebugModeDisable" classname="com.cryptocheckertest.PanelSettingsTest" time="0.017"/>
  <testcase name="testCustomThemeSetColors" classname="com.cryptocheckertest.PanelSettingsTest" time="0.002"/>
  <testcase name="testCustomThemeReset" classname="com.cryptocheckertest.PanelSettingsTest" time="0.002"/>
  <testcase name="testSettingsPersistenceSave" classname="com.cryptocheckertest.PanelSettingsTest" time="0.012"/>
  <testcase name="testSettingsPersistenceLoad" classname="com.cryptocheckertest.PanelSettingsTest" time="0.016"/>
  <testcase name="testColorBoundaryMinimum" classname="com.cryptocheckertest.PanelSettingsTest" time="0.003"/>
  <testcase name="testColorBoundaryMaximum" classname="com.cryptocheckertest.PanelSettingsTest" time="0.004"/>
  <testcase name="testThemeUpdate" classname="com.cryptocheckertest.PanelSettingsTest" time="0.002"/>
  <testcase name="testThemeCycle" classname="com.cryptocheckertest.PanelSettingsTest" time="0.002"/>
  <testcase name="testAllCustomColors" classname="com.cryptocheckertest.PanelSettingsTest" time="0.086"/>
  <testcase name="testColorBelowMinimum_InvalidBoundary" classname="com.cryptocheckertest.PanelSettingsTest" time="0.011"/>
  <testcase name="testColorAboveMaximum_InvalidBoundary" classname="com.cryptocheckertest.PanelSettingsTest" time="0.012"/>
  <testcase name="testInvalidCurrency_InvalidClass" classname="com.cryptocheckertest.PanelSettingsTest" time="0.003"/>
  <testcase name="testNullTheme_InvalidBoundary" classname="com.cryptocheckertest.PanelSettingsTest" time="0.045"/>
</testsuite>